#
# There is insufficient memory for the Java Runtime Environment to continue.
# Native memory allocation (mmap) failed to map 1048576 bytes. Error detail: G1 virtual space
# Possible reasons:
#   The system is out of physical RAM or swap space
#   This process is running with CompressedOops enabled, and the Java Heap may be blocking the growth of the native heap
# Possible solutions:
#   Reduce memory load on the system
#   Increase physical memory or swap space
#   Check if swap backing store is full
#   Decrease Java heap size (-Xmx/-Xms)
#   Decrease number of Java threads
#   Decrease Java thread stack sizes (-Xss)
#   Set larger code cache with -XX:ReservedCodeCacheSize=
#   JVM is running with Unscaled Compressed Oops mode in which the Java heap is
#     placed in the first 4GB address space. The Java Heap base address is the
#     maximum limit for the native heap growth. Please use -XX:HeapBaseMinAddress
#     to set the Java Heap base and to place the Java Heap above 4GB virtual address.
# This output file may be truncated or incomplete.
#
#  Out of Memory Error (os_windows.cpp:3564), pid=12720, tid=28488
#
# JRE version:  (24.0.1+9) (build )
# Java VM: OpenJDK 64-Bit Server VM (24.0.1+9-30, mixed mode, sharing, tiered, compressed oops, compressed class ptrs, g1 gc, windows-amd64)
# No core dump will be written. Minidumps are not enabled by default on client versions of Windows
#

---------------  S U M M A R Y ------------

Command Line: -javaagent:C:\Users\leonardo.tiago\AppData\Local\Programs\IntelliJ IDEA Ultimate\lib\idea_rt.jar=51293 -Dfile.encoding=UTF-8 -Dsun.stdout.encoding=UTF-8 -Dsun.stderr.encoding=UTF-8 org.monday.Main

Host: 12th Gen Intel(R) Core(TM) i3-12100T, 8 cores, 7G,  Windows 10 , 64 bit Build 19041 (10.0.19041.5794)
Time: Thu May 22 15:04:13 2025 Hora oficial do Brasil elapsed time: 0.069822 seconds (0d 0h 0m 0s)

---------------  T H R E A D  ---------------

Current thread (0x000002519703a240):  JavaThread "Unknown thread" [_thread_in_vm, id=28488, stack(0x0000007d7a700000,0x0000007d7a800000) (1024K)]

Stack: [0x0000007d7a700000,0x0000007d7a800000]
Native frames: (J=compiled Java code, j=interpreted, Vv=VM code, C=native code)
V  [jvm.dll+0x730739]  (no source info available)
V  [jvm.dll+0x8d9b23]  (no source info available)
V  [jvm.dll+0x8dc00d]  (no source info available)
V  [jvm.dll+0x8dc683]  (no source info available)
V  [jvm.dll+0x2aa086]  (no source info available)
V  [jvm.dll+0x72cc65]  (no source info available)
V  [jvm.dll+0x72059a]  (no source info available)
V  [jvm.dll+0x390cea]  (no source info available)
V  [jvm.dll+0x3989f6]  (no source info available)
V  [jvm.dll+0x384f21]  (no source info available)
V  [jvm.dll+0x3855e4]  (no source info available)
V  [jvm.dll+0x384a34]  (no source info available)
V  [jvm.dll+0x35b48f]  (no source info available)
V  [jvm.dll+0x33da3c]  (no source info available)
V  [jvm.dll+0x33dc50]  (no source info available)
V  [jvm.dll+0x6d4353]  (no source info available)
V  [jvm.dll+0x6d3381]  (no source info available)
V  [jvm.dll+0x6ce3d7]  (no source info available)
V  [jvm.dll+0x89d2d6]  (no source info available)
V  [jvm.dll+0x3f985d]  (no source info available)
V  [jvm.dll+0x8858e6]  (no source info available)
V  [jvm.dll+0x495f3e]  (no source info available)
V  [jvm.dll+0x497d11]  (no source info available)
C  [jli.dll+0x52a1]  (no source info available)
C  [ucrtbase.dll+0x21bb2]  (no source info available)
C  [KERNEL32.DLL+0x17374]  (no source info available)
C  [ntdll.dll+0x4cc91]  (no source info available)

Lock stack of current Java thread (top to bottom):


---------------  P R O C E S S  ---------------

Threads class SMR info:
_java_thread_list=0x00007fffc663f318, length=0, elements={
}

Java Threads: ( => current thread )
Total: 0

Other Threads:
  0x0000025199cd3c10 WorkerThread "GC Thread#0"                     [id=26148, stack(0x0000007d7a800000,0x0000007d7a900000) (1024K)]
  0x0000025199ce8200 ConcurrentGCThread "G1 Main Marker"            [id=18884, stack(0x0000007d7a900000,0x0000007d7aa00000) (1024K)]
  0x0000025199ce9880 WorkerThread "G1 Conc#0"                       [id=6728, stack(0x0000007d7aa00000,0x0000007d7ab00000) (1024K)]
  0x00000251b6836710 ConcurrentGCThread "G1 Refine#0"               [id=21652, stack(0x0000007d7ab00000,0x0000007d7ac00000) (1024K)]
  0x00000251b68370a0 ConcurrentGCThread "G1 Service"                [id=26324, stack(0x0000007d7ac00000,0x0000007d7ad00000) (1024K)]

=>0x000002519703a240 (exited) JavaThread "Unknown thread"    [_thread_in_vm, id=28488, stack(0x0000007d7a700000,0x0000007d7a800000) (1024K)]
Total: 6

Threads with active compile tasks:
Total: 0

VM state: not at safepoint (not fully initialized)

VM Mutex/Monitor currently owned by a thread:  ([mutex/lock_event])
[0x00007fffc66c45b0] Heap_lock - owner thread: 0x000002519703a240

Heap address: 0x0000000084c00000, size: 1972 MB, Compressed Oops mode: 32-bit

CDS archive(s) mapped at: [0x0000000000000000-0x0000000000000000-0x0000000000000000), size 0, SharedBaseAddress: 0x00000251b7000000, ArchiveRelocationMode: 1.
Compressed class space mapped at: 0x00000251b8000000-0x00000251f8000000, reserved size: 1073741824
UseCompressedClassPointers 1, UseCompactObjectHeaders 0
Narrow klass pointer bits 32, Max shift 3
Narrow klass base: 0x00000251b7000000, Narrow klass shift: 0
Encoding Range: [0x00000251b7000000 - 0x00000252b7000000), (4294967296 bytes)
Klass Range:    [0x00000251b7000000 - 0x00000251f8000000), (1090519040 bytes)
Klass ID Range:  [8 - 1090519033) (1090519025)

GC Precious Log:
 CardTable entry size: 512
 Card Set container configuration: InlinePtr #cards 5 size 8 Array Of Cards #cards 10 size 36 Howl #buckets 4 coarsen threshold 1843 Howl Bitmap #cards 512 size 80 coarsen threshold 460 Card regions per heap region 1 cards per card region 2048
 CPUs: 8 total, 8 available
 Memory: 7880M
 Large Page Support: Disabled
 NUMA Support: Disabled
 Compressed Oops: Enabled (32-bit)
 Heap Region Size: 1M
 Heap Min Capacity: 8M
 Heap Initial Capacity: 124M
 Heap Max Capacity: 1972M
 Pre-touch: Disabled
 Parallel Workers: 8
 Concurrent Workers: 2
 Concurrent Refinement Workers: 8
 Periodic GC: Disabled

Heap:
 garbage-first heap   total reserved 2019328K, committed 128000K, used 0K [0x0000000084c00000, 0x0000000100000000)
  region size 1024K, 0 young (0K), 0 survivors (0K)

[error occurred during error reporting (printing heap information), id 0xc0000005, EXCEPTION_ACCESS_VIOLATION (0xc0000005) at pc=0x00007fffc618e3e9]
GC Heap History (0 events):
No events

Dll operation events (1 events):
Event: 0.045 Loaded shared library C:\Users\leonardo.tiago\.jdks\openjdk-24.0.1\bin\java.dll

Deoptimization events (0 events):
No events

Classes loaded (0 events):
No events

Classes unloaded (0 events):
No events

Classes redefined (0 events):
No events

Internal exceptions (0 events):
No events

VM Operations (0 events):
No events

Memory protections (0 events):
No events

Nmethod flushes (0 events):
No events

Events (0 events):
No events


Dynamic libraries:
0x00007ff7c82b0000 - 0x00007ff7c82be000 	C:\Users\leonardo.tiago\.jdks\openjdk-24.0.1\bin\java.exe
0x00007ff876870000 - 0x00007ff876a68000 	C:\Windows\SYSTEM32\ntdll.dll
0x00007ff874aa0000 - 0x00007ff874b62000 	C:\Windows\System32\KERNEL32.DLL
0x00007ff8742f0000 - 0x00007ff8745e6000 	C:\Windows\System32\KERNELBASE.dll
0x00007ff8741f0000 - 0x00007ff8742f0000 	C:\Windows\System32\ucrtbase.dll
0x00007ff869ca0000 - 0x00007ff869cb6000 	C:\Users\leonardo.tiago\.jdks\openjdk-24.0.1\bin\jli.dll
0x00007ff86f330000 - 0x00007ff86f34b000 	C:\Users\leonardo.tiago\.jdks\openjdk-24.0.1\bin\VCRUNTIME140.dll
0x00007ff875f50000 - 0x00007ff8760ed000 	C:\Windows\System32\USER32.dll
0x00007ff874120000 - 0x00007ff874142000 	C:\Windows\System32\win32u.dll
0x00007ff874a10000 - 0x00007ff874a3b000 	C:\Windows\System32\GDI32.dll
0x00007ff8745f0000 - 0x00007ff87470a000 	C:\Windows\System32\gdi32full.dll
0x00007ff874150000 - 0x00007ff8741ed000 	C:\Windows\System32\msvcp_win.dll
0x00007ff85f800000 - 0x00007ff85fa9a000 	C:\Windows\WinSxS\amd64_microsoft.windows.common-controls_6595b64144ccf1df_6.0.19041.5794_none_60bcd33171f2783c\COMCTL32.dll
0x00007ff8748a0000 - 0x00007ff87493e000 	C:\Windows\System32\msvcrt.dll
0x00007ff875700000 - 0x00007ff87572f000 	C:\Windows\System32\IMM32.DLL
0x00007fffff940000 - 0x00007fffffa9a000 	C:\Windows\system32\tmumh\20019\AddOn\8.55.0.1333\TmUmEvt64.dll
0x00007ff8750a0000 - 0x00007ff8750a8000 	C:\Windows\System32\PSAPI.DLL
0x00007ff8751b0000 - 0x00007ff87525f000 	C:\Windows\System32\ADVAPI32.dll
0x00007ff8761a0000 - 0x00007ff87623f000 	C:\Windows\System32\sechost.dll
0x00007ff876240000 - 0x00007ff876363000 	C:\Windows\System32\RPCRT4.dll
0x00007ff8747f0000 - 0x00007ff874817000 	C:\Windows\System32\bcrypt.dll
0x0000000073920000 - 0x0000000073a45000 	C:\Windows\system32\tmumh\20019\TmMon\2.9.0.1217\tmmon64.dll
0x00007ff86f320000 - 0x00007ff86f32c000 	C:\Users\leonardo.tiago\.jdks\openjdk-24.0.1\bin\vcruntime140_1.dll
0x00007ff835a60000 - 0x00007ff835aee000 	C:\Users\leonardo.tiago\.jdks\openjdk-24.0.1\bin\msvcp140.dll
0x00007fffc5a00000 - 0x00007fffc67a2000 	C:\Users\leonardo.tiago\.jdks\openjdk-24.0.1\bin\server\jvm.dll
0x00007ff8750b0000 - 0x00007ff87511b000 	C:\Windows\System32\WS2_32.dll
0x00007ff8734a0000 - 0x00007ff8734eb000 	C:\Windows\SYSTEM32\POWRPROF.dll
0x00007ff869ba0000 - 0x00007ff869bc7000 	C:\Windows\SYSTEM32\WINMM.dll
0x00007ff860050000 - 0x00007ff86005a000 	C:\Windows\SYSTEM32\VERSION.dll
0x00007ff873310000 - 0x00007ff873322000 	C:\Windows\SYSTEM32\UMPDC.dll
0x00007ff872650000 - 0x00007ff872662000 	C:\Windows\SYSTEM32\kernel.appcore.dll
0x00007ff86c930000 - 0x00007ff86c93a000 	C:\Users\leonardo.tiago\.jdks\openjdk-24.0.1\bin\jimage.dll
0x00007ff871950000 - 0x00007ff871b34000 	C:\Windows\SYSTEM32\DBGHELP.DLL
0x00007ff85f7a0000 - 0x00007ff85f7d4000 	C:\Windows\SYSTEM32\dbgcore.DLL
0x00007ff874760000 - 0x00007ff8747e2000 	C:\Windows\System32\bcryptPrimitives.dll
0x00007ff85ca00000 - 0x00007ff85ca0f000 	C:\Users\leonardo.tiago\.jdks\openjdk-24.0.1\bin\instrument.dll
0x00007ff8444d0000 - 0x00007ff8444ee000 	C:\Users\leonardo.tiago\.jdks\openjdk-24.0.1\bin\java.dll
0x00007ff875260000 - 0x00007ff87538b000 	C:\Windows\System32\ole32.dll
0x00007ff8753a0000 - 0x00007ff8756f3000 	C:\Windows\System32\combase.dll
0x00007ff875730000 - 0x00007ff875e9e000 	C:\Windows\System32\SHELL32.dll

JVMTI agents:
C:\Users\leonardo.tiago\AppData\Local\Programs\IntelliJ IDEA Ultimate\lib\idea_rt.jar path:none, loaded, not initialized, instrumentlib options:51293

dbghelp: loaded successfully - version: 4.0.5 - missing functions: none
symbol engine: initialized successfully - sym options: 0x614 - pdb path: .;C:\Users\leonardo.tiago\.jdks\openjdk-24.0.1\bin;C:\Windows\SYSTEM32;C:\Windows\WinSxS\amd64_microsoft.windows.common-controls_6595b64144ccf1df_6.0.19041.5794_none_60bcd33171f2783c;C:\Windows\system32\tmumh\20019\AddOn\8.55.0.1333;C:\Windows\system32\tmumh\20019\TmMon\2.9.0.1217;C:\Users\leonardo.tiago\.jdks\openjdk-24.0.1\bin\server

VM Arguments:
jvm_args: -javaagent:C:\Users\leonardo.tiago\AppData\Local\Programs\IntelliJ IDEA Ultimate\lib\idea_rt.jar=51293 -Dfile.encoding=UTF-8 -Dsun.stdout.encoding=UTF-8 -Dsun.stderr.encoding=UTF-8 
java_command: org.monday.Main
java_class_path (initial): C:\Users\leonardo.tiago\OneDrive - Arcom SA\PROGRAMS\arcom-monday-java\arom-monday-java\monday\target\classes;C:\Users\leonardo.tiago\.m2\repository\org\json\json\20240303\json-20240303.jar;C:\Users\leonardo.tiago\.m2\repository\com\google\code\gson\gson\2.13.1\gson-2.13.1.jar;C:\Users\leonardo.tiago\.m2\repository\com\google\errorprone\error_prone_annotations\2.38.0\error_prone_annotations-2.38.0.jar
Launcher Type: SUN_STANDARD

[Global flags]
     intx CICompilerCount                          = 4                                         {product} {ergonomic}
     uint ConcGCThreads                            = 2                                         {product} {ergonomic}
     uint G1ConcRefinementThreads                  = 8                                         {product} {ergonomic}
   size_t G1HeapRegionSize                         = 1048576                                   {product} {ergonomic}
   size_t InitialHeapSize                          = 130023424                                 {product} {ergonomic}
   size_t MarkStackSize                            = 4194304                                   {product} {ergonomic}
   size_t MarkStackSizeMax                         = 536870912                                 {product} {ergonomic}
   size_t MaxHeapSize                              = 2067791872                                {product} {ergonomic}
   size_t MaxNewSize                               = 1240465408                                {product} {ergonomic}
   size_t MinHeapDeltaBytes                        = 1048576                                   {product} {ergonomic}
   size_t MinHeapSize                              = 8388608                                   {product} {ergonomic}
    uintx NonNMethodCodeHeapSize                   = 5832704                                {pd product} {ergonomic}
    uintx NonProfiledCodeHeapSize                  = 122945536                              {pd product} {ergonomic}
    uintx ProfiledCodeHeapSize                     = 122880000                              {pd product} {ergonomic}
    uintx ReservedCodeCacheSize                    = 251658240                              {pd product} {ergonomic}
     bool SegmentedCodeCache                       = true                                      {product} {ergonomic}
   size_t SoftMaxHeapSize                          = 2067791872                             {manageable} {ergonomic}
     bool UseCompressedOops                        = true                           {product lp64_product} {ergonomic}
     bool UseG1GC                                  = true                                      {product} {ergonomic}
     bool UseLargePagesIndividualAllocation        = false                                  {pd product} {ergonomic}

Logging:
Log output configuration:
 #0: stdout all=warning uptime,level,tags foldmultilines=false
 #1: stderr all=off uptime,level,tags foldmultilines=false

Environment Variables:
PATH=C:\sybase\DataAccess\ADONET\dll;C:\sybase\Shared\Sybase Central 4.3;C:\sybase\OCS-12_5\lib3p;C:\sybase\OCS-12_5\dll;C:\sybase\OCS-12_5\bin;C:\Windows\system32;C:\Windows;C:\Windows\System32\Wbem;C:\Windows\System32\WindowsPowerShell\v1.0\;C:\Windows\System32\OpenSSH\;C:\Users\suporte\AppData\Local\Microsoft\WindowsApps;C:\Users\leonardo.tiago\scoop\shims;C:\Users\leonardo.tiago\AppData\Local\Microsoft\WindowsApps;C:\Users\leonardo.tiago\AppData\Local\Programs\Microsoft VS Code\bin;C:\Users\leonardo.tiago\Node;C:\Users\leonardo.tiago\AppData\Local\Programs\cursor\resources\app\bin;C:\Users\leonardo.tiago\.rustup;C:\Users\leonardo.tiago\.cargo\bin;C:\Users\leonardo.tiago\AppData\Local\Programs\Git\cmd;C:\Users\leonardo.tiago\.sqlite;C:\Users\leonardo.tiago\AppData\Local\GitHubDesktop\bin;C:\Users\leonardo.tiago\.chocoportable\bin;C:\Users\leonardo.tiago\AppData\Local\JetBrains\Toolbox\scripts;
USERNAME=leonardo.tiago
OS=Windows_NT
PROCESSOR_IDENTIFIER=Intel64 Family 6 Model 151 Stepping 5, GenuineIntel
TMP=C:\Users\LEONAR~1.TIA\AppData\Local\Temp
TEMP=C:\Users\LEONAR~1.TIA\AppData\Local\Temp




Periodic native trim disabled

---------------  S Y S T E M  ---------------

OS:
 Windows 10 , 64 bit Build 19041 (10.0.19041.5794)
OS uptime: 17 days 6:22 hours

CPU: total 8 (initial active 8) (4 cores per cpu, 2 threads per core) family 6 model 151 stepping 5 microcode 0x37, cx8, cmov, fxsr, ht, mmx, 3dnowpref, sse, sse2, sse3, ssse3, sse4.1, sse4.2, popcnt, lzcnt, tsc, tscinvbit, avx, avx2, aes, erms, clmul, bmi1, bmi2, adx, sha, fma, vzeroupper, clflush, clflushopt, clwb, serialize, rdtscp, rdpid, fsrm, gfni, f16c, pku, cet_ibt, cet_ss
Processor Information for the first 8 processors :
  Max Mhz: 2200, Current Mhz: 2200, Mhz Limit: 2200

Memory: 4k page, system-wide physical 7880M (192M free)
TotalPageFile size 32456M (AvailPageFile size 11M)
current process WorkingSet (physical memory assigned to process): 29M, peak: 29M
current process commit charge ("private bytes"): 205M, peak: 206M

vm_info: OpenJDK 64-Bit Server VM (24.0.1+9-30) for windows-amd64 JRE (24.0.1+9-30), built on 2025-03-05T07:23:45Z with MS VC++ 17.6 (VS2022)

END.
