#
# There is insufficient memory for the Java Runtime Environment to continue.
# Native memory allocation (malloc) failed to allocate 7517136 bytes. Error detail: Chunk::new
# Possible reasons:
#   The system is out of physical RAM or swap space
#   This process is running with CompressedOops enabled, and the Java Heap may be blocking the growth of the native heap
# Possible solutions:
#   Reduce memory load on the system
#   Increase physical memory or swap space
#   Check if swap backing store is full
#   Decrease Java heap size (-Xmx/-Xms)
#   Decrease number of Java threads
#   Decrease Java thread stack sizes (-Xss)
#   Set larger code cache with -XX:ReservedCodeCacheSize=
#   JVM is running with Unscaled Compressed Oops mode in which the Java heap is
#     placed in the first 4GB address space. The Java Heap base address is the
#     maximum limit for the native heap growth. Please use -XX:HeapBaseMinAddress
#     to set the Java Heap base and to place the Java Heap above 4GB virtual address.
# This output file may be truncated or incomplete.
#
#  Out of Memory Error (arena.cpp:162), pid=22364, tid=31380
#
# JRE version: OpenJDK Runtime Environment (24.0.1+9) (build 24.0.1+9-30)
# Java VM: OpenJDK 64-Bit Server VM (24.0.1+9-30, mixed mode, sharing, tiered, compressed oops, compressed class ptrs, g1 gc, windows-amd64)
# No core dump will be written. Minidumps are not enabled by default on client versions of Windows
#

---------------  S U M M A R Y ------------

Command Line: -javaagent:C:\Users\leonardo.tiago\AppData\Local\JetBrains\IntelliJIdea2025.1\captureAgent\debugger-agent.jar=file:///C:/Users/LEONAR~1.TIA/AppData/Local/Temp/capture10791210842916259091.props -ea -Didea.test.cyclic.buffer.size=1048576 -javaagent:C:\Users\leonardo.tiago\AppData\Local\Programs\IntelliJ IDEA Ultimate\lib\idea_rt.jar=54260 -Dkotlinx.coroutines.debug.enable.creation.stack.trace=false -Ddebugger.agent.enable.coroutines=true -Dkotlinx.coroutines.debug.enable.flows.stack.trace=true -Dkotlinx.coroutines.debug.enable.mutable.state.flows.stack.trace=true -Dfile.encoding=UTF-8 -Dsun.stdout.encoding=UTF-8 -Dsun.stderr.encoding=UTF-8 com.intellij.rt.junit.JUnitStarter -ideVersion5 -junit5 org.query.QueryJoinsTest,testDeleteUpdate_WithInvalidId

Host: 12th Gen Intel(R) Core(TM) i3-12100T, 8 cores, 7G,  Windows 10 , 64 bit Build 19041 (10.0.19041.5794)
Time: Thu May 22 16:12:20 2025 Hora oficial do Brasil elapsed time: 0.762711 seconds (0d 0h 0m 0s)

---------------  T H R E A D  ---------------

Current thread (0x0000024877a96eb0):  JavaThread "C2 CompilerThread0" daemon [_thread_in_native, id=31380, stack(0x00000066a6f00000,0x00000066a7000000) (1024K)]


Current CompileTask:
C2:762 1785       4       jdk.internal.classfile.impl.StackMapGenerator::processBlock (2767 bytes)

Stack: [0x00000066a6f00000,0x00000066a7000000]
Native frames: (J=compiled Java code, j=interpreted, Vv=VM code, C=native code)
V  [jvm.dll+0x730739]  (no source info available)
V  [jvm.dll+0x8d9b23]  (no source info available)
V  [jvm.dll+0x8dc00d]  (no source info available)
V  [jvm.dll+0x8dc683]  (no source info available)
V  [jvm.dll+0x2aa086]  (no source info available)
V  [jvm.dll+0xcedef]  (no source info available)
V  [jvm.dll+0xcf04f]  (no source info available)
V  [jvm.dll+0x154d83]  (no source info available)
V  [jvm.dll+0x735f5f]  (no source info available)
V  [jvm.dll+0x26fa1c]  (no source info available)
V  [jvm.dll+0x26ea3f]  (no source info available)
V  [jvm.dll+0x1e9d60]  (no source info available)
V  [jvm.dll+0x27e1fb]  (no source info available)
V  [jvm.dll+0x27c49a]  (no source info available)
V  [jvm.dll+0x42f456]  (no source info available)
V  [jvm.dll+0x87d76b]  (no source info available)
V  [jvm.dll+0x72ee55]  (no source info available)
C  [ucrtbase.dll+0x21bb2]  (no source info available)
C  [KERNEL32.DLL+0x17374]  (no source info available)
C  [ntdll.dll+0x4cc91]  (no source info available)

Lock stack of current Java thread (top to bottom):


---------------  P R O C E S S  ---------------

Threads class SMR info:
_java_thread_list=0x0000024846a41b00, length=18, elements={
0x000002485ad60780, 0x0000024877a7e9e0, 0x0000024877a7f1c0, 0x0000024877a85530,
0x0000024877a863b0, 0x0000024877a86ee0, 0x0000024877a88020, 0x0000024877a96eb0,
0x0000024877a97640, 0x0000024845232660, 0x000002484530e120, 0x000002484552e770,
0x000002484552b9e0, 0x0000024846154e70, 0x0000024846154720, 0x00000248461555c0,
0x0000024846156460, 0x0000024846153880
}

Java Threads: ( => current thread )
  0x000002485ad60780 JavaThread "main"                              [_thread_blocked, id=27256, stack(0x00000066a6100000,0x00000066a6200000) (1024K)]
  0x0000024877a7e9e0 JavaThread "Reference Handler"          daemon [_thread_blocked, id=27380, stack(0x00000066a6900000,0x00000066a6a00000) (1024K)]
  0x0000024877a7f1c0 JavaThread "Finalizer"                  daemon [_thread_blocked, id=17864, stack(0x00000066a6a00000,0x00000066a6b00000) (1024K)]
  0x0000024877a85530 JavaThread "Signal Dispatcher"          daemon [_thread_blocked, id=20244, stack(0x00000066a6b00000,0x00000066a6c00000) (1024K)]
  0x0000024877a863b0 JavaThread "Attach Listener"            daemon [_thread_blocked, id=10988, stack(0x00000066a6c00000,0x00000066a6d00000) (1024K)]
  0x0000024877a86ee0 JavaThread "Service Thread"             daemon [_thread_blocked, id=29008, stack(0x00000066a6d00000,0x00000066a6e00000) (1024K)]
  0x0000024877a88020 JavaThread "Monitor Deflation Thread"   daemon [_thread_blocked, id=26728, stack(0x00000066a6e00000,0x00000066a6f00000) (1024K)]
=>0x0000024877a96eb0 JavaThread "C2 CompilerThread0"         daemon [_thread_in_native, id=31380, stack(0x00000066a6f00000,0x00000066a7000000) (1024K)]
  0x0000024877a97640 JavaThread "C1 CompilerThread0"         daemon [_thread_blocked, id=31508, stack(0x00000066a7000000,0x00000066a7100000) (1024K)]
  0x0000024845232660 JavaThread "Common-Cleaner"             daemon [_thread_blocked, id=28696, stack(0x00000066a7100000,0x00000066a7200000) (1024K)]
  0x000002484530e120 JavaThread "IntelliJ Suspend Helper"    daemon [_thread_blocked, id=18948, stack(0x00000066a7200000,0x00000066a7300000) (1024K)]
  0x000002484552e770 JavaThread "Monitor Ctrl-Break"         daemon [_thread_in_native, id=2796, stack(0x00000066a7300000,0x00000066a7400000) (1024K)]
  0x000002484552b9e0 JavaThread "Notification Thread"        daemon [_thread_blocked, id=25344, stack(0x00000066a7400000,0x00000066a7500000) (1024K)]
  0x0000024846154e70 JavaThread "RMI TCP Accept-0"           daemon [_thread_in_native, id=13544, stack(0x00000066a7500000,0x00000066a7600000) (1024K)]
  0x0000024846154720 JavaThread "RMI TCP Connection(1)-172.19.16.25" daemon [_thread_in_native, id=27988, stack(0x00000066a7600000,0x00000066a7700000) (1024K)]
  0x00000248461555c0 JavaThread "RMI Scheduler(0)"           daemon [_thread_blocked, id=29880, stack(0x00000066a7700000,0x00000066a7800000) (1024K)]
  0x0000024846156460 JavaThread "JMX server connection timeout 39" daemon [_thread_blocked, id=15720, stack(0x00000066a7f00000,0x00000066a8000000) (1024K)]
  0x0000024846153880 JavaThread "RMI TCP Connection(2)-172.19.16.25" daemon [_thread_in_native, id=29876, stack(0x00000066a8000000,0x00000066a8100000) (1024K)]
Total: 18

Other Threads:
  0x0000024877a71790 VMThread "VM Thread"                           [id=23572, stack(0x00000066a6800000,0x00000066a6900000) (1024K)]
  0x0000024877a615e0 WatcherThread "VM Periodic Task Thread"        [id=15472, stack(0x00000066a6700000,0x00000066a6800000) (1024K)]
  0x000002485adba120 WorkerThread "GC Thread#0"                     [id=22600, stack(0x00000066a6200000,0x00000066a6300000) (1024K)]
  0x00000248468b3960 WorkerThread "GC Thread#1"                     [id=23028, stack(0x00000066a7800000,0x00000066a7900000) (1024K)]
  0x00000248468b35b0 WorkerThread "GC Thread#2"                     [id=27260, stack(0x00000066a7900000,0x00000066a7a00000) (1024K)]
  0x00000248468b40c0 WorkerThread "GC Thread#3"                     [id=21356, stack(0x00000066a7a00000,0x00000066a7b00000) (1024K)]
  0x00000248468b3d10 WorkerThread "GC Thread#4"                     [id=26112, stack(0x00000066a7b00000,0x00000066a7c00000) (1024K)]
  0x00000248468b26f0 WorkerThread "GC Thread#5"                     [id=26076, stack(0x00000066a7c00000,0x00000066a7d00000) (1024K)]
  0x00000248468b2aa0 WorkerThread "GC Thread#6"                     [id=15568, stack(0x00000066a7d00000,0x00000066a7e00000) (1024K)]
  0x00000248468b2e50 WorkerThread "GC Thread#7"                     [id=18764, stack(0x00000066a7e00000,0x00000066a7f00000) (1024K)]
  0x000002485adce4a0 ConcurrentGCThread "G1 Main Marker"            [id=15976, stack(0x00000066a6300000,0x00000066a6400000) (1024K)]
  0x000002485adcf040 WorkerThread "G1 Conc#0"                       [id=6104, stack(0x00000066a6400000,0x00000066a6500000) (1024K)]
  0x000002487792d930 ConcurrentGCThread "G1 Refine#0"               [id=26152, stack(0x00000066a6500000,0x00000066a6600000) (1024K)]
  0x000002487792e2c0 ConcurrentGCThread "G1 Service"                [id=20500, stack(0x00000066a6600000,0x00000066a6700000) (1024K)]
Total: 14

Threads with active compile tasks:
C2 CompilerThread0  2707 1785       4       jdk.internal.classfile.impl.StackMapGenerator::processBlock (2767 bytes)
Total: 1

VM state: not at safepoint (normal execution)

VM Mutex/Monitor currently owned by a thread: None

Heap address: 0x0000000084c00000, size: 1972 MB, Compressed Oops mode: 32-bit

CDS archive(s) mapped at: [0x0000024800000000-0x0000024800d40000-0x0000024800d40000), size 13893632, SharedBaseAddress: 0x0000024800000000, ArchiveRelocationMode: 1.
Compressed class space mapped at: 0x0000024801000000-0x0000024841000000, reserved size: 1073741824
UseCompressedClassPointers 1, UseCompactObjectHeaders 0
Narrow klass pointer bits 32, Max shift 3
Narrow klass base: 0x0000024800000000, Narrow klass shift: 0
Encoding Range: [0x0000024800000000 - 0x0000024900000000), (4294967296 bytes)
Klass Range:    [0x0000024800000000 - 0x0000024841000000), (1090519040 bytes)
Klass ID Range:  [8 - 1090519033) (1090519025)

GC Precious Log:
 CardTable entry size: 512
 Card Set container configuration: InlinePtr #cards 5 size 8 Array Of Cards #cards 10 size 36 Howl #buckets 4 coarsen threshold 1843 Howl Bitmap #cards 512 size 80 coarsen threshold 460 Card regions per heap region 1 cards per card region 2048
 CPUs: 8 total, 8 available
 Memory: 7880M
 Large Page Support: Disabled
 NUMA Support: Disabled
 Compressed Oops: Enabled (32-bit)
 Heap Region Size: 1M
 Heap Min Capacity: 8M
 Heap Initial Capacity: 124M
 Heap Max Capacity: 1972M
 Pre-touch: Disabled
 Parallel Workers: 8
 Concurrent Workers: 2
 Concurrent Refinement Workers: 8
 Periodic GC: Disabled

Heap:
 garbage-first heap   total reserved 2019328K, committed 129024K, used 14448K [0x0000000084c00000, 0x0000000100000000)
  region size 1024K, 14 young (14336K), 4 survivors (4096K)
 Metaspace       used 15417K, committed 15680K, reserved 1114112K
  class space    used 1533K, committed 1664K, reserved 1048576K

Heap Regions: E=young(eden), S=young(survivor), O=old, HS=humongous(starts), HC=humongous(continues), CS=collection set, F=free, TAMS=top-at-mark-start, PB=parsable bottom
|   0|0x0000000084c00000, 0x0000000084c00000, 0x0000000084d00000|  0%| F|  |TAMS 0x0000000084c00000| PB 0x0000000084c00000| Untracked |  0
|   1|0x0000000084d00000, 0x0000000084d00000, 0x0000000084e00000|  0%| F|  |TAMS 0x0000000084d00000| PB 0x0000000084d00000| Untracked |  0
|   2|0x0000000084e00000, 0x0000000084e00000, 0x0000000084f00000|  0%| F|  |TAMS 0x0000000084e00000| PB 0x0000000084e00000| Untracked |  0
|   3|0x0000000084f00000, 0x0000000084f00000, 0x0000000085000000|  0%| F|  |TAMS 0x0000000084f00000| PB 0x0000000084f00000| Untracked |  0
|   4|0x0000000085000000, 0x0000000085000000, 0x0000000085100000|  0%| F|  |TAMS 0x0000000085000000| PB 0x0000000085000000| Untracked |  0
|   5|0x0000000085100000, 0x0000000085100000, 0x0000000085200000|  0%| F|  |TAMS 0x0000000085100000| PB 0x0000000085100000| Untracked |  0
|   6|0x0000000085200000, 0x0000000085200000, 0x0000000085300000|  0%| F|  |TAMS 0x0000000085200000| PB 0x0000000085200000| Untracked |  0
|   7|0x0000000085300000, 0x0000000085300000, 0x0000000085400000|  0%| F|  |TAMS 0x0000000085300000| PB 0x0000000085300000| Untracked |  0
|   8|0x0000000085400000, 0x0000000085400000, 0x0000000085500000|  0%| F|  |TAMS 0x0000000085400000| PB 0x0000000085400000| Untracked |  0
|   9|0x0000000085500000, 0x0000000085500000, 0x0000000085600000|  0%| F|  |TAMS 0x0000000085500000| PB 0x0000000085500000| Untracked |  0
|  10|0x0000000085600000, 0x0000000085600000, 0x0000000085700000|  0%| F|  |TAMS 0x0000000085600000| PB 0x0000000085600000| Untracked |  0
|  11|0x0000000085700000, 0x0000000085700000, 0x0000000085800000|  0%| F|  |TAMS 0x0000000085700000| PB 0x0000000085700000| Untracked |  0
|  12|0x0000000085800000, 0x0000000085800000, 0x0000000085900000|  0%| F|  |TAMS 0x0000000085800000| PB 0x0000000085800000| Untracked |  0
|  13|0x0000000085900000, 0x0000000085900000, 0x0000000085a00000|  0%| F|  |TAMS 0x0000000085900000| PB 0x0000000085900000| Untracked |  0
|  14|0x0000000085a00000, 0x0000000085a00000, 0x0000000085b00000|  0%| F|  |TAMS 0x0000000085a00000| PB 0x0000000085a00000| Untracked |  0
|  15|0x0000000085b00000, 0x0000000085b00000, 0x0000000085c00000|  0%| F|  |TAMS 0x0000000085b00000| PB 0x0000000085b00000| Untracked |  0
|  16|0x0000000085c00000, 0x0000000085c00000, 0x0000000085d00000|  0%| F|  |TAMS 0x0000000085c00000| PB 0x0000000085c00000| Untracked |  0
|  17|0x0000000085d00000, 0x0000000085d00000, 0x0000000085e00000|  0%| F|  |TAMS 0x0000000085d00000| PB 0x0000000085d00000| Untracked |  0
|  18|0x0000000085e00000, 0x0000000085e00000, 0x0000000085f00000|  0%| F|  |TAMS 0x0000000085e00000| PB 0x0000000085e00000| Untracked |  0
|  19|0x0000000085f00000, 0x0000000085f00000, 0x0000000086000000|  0%| F|  |TAMS 0x0000000085f00000| PB 0x0000000085f00000| Untracked |  0
|  20|0x0000000086000000, 0x0000000086000000, 0x0000000086100000|  0%| F|  |TAMS 0x0000000086000000| PB 0x0000000086000000| Untracked |  0
|  21|0x0000000086100000, 0x0000000086100000, 0x0000000086200000|  0%| F|  |TAMS 0x0000000086100000| PB 0x0000000086100000| Untracked |  0
|  22|0x0000000086200000, 0x0000000086200000, 0x0000000086300000|  0%| F|  |TAMS 0x0000000086200000| PB 0x0000000086200000| Untracked |  0
|  23|0x0000000086300000, 0x0000000086300000, 0x0000000086400000|  0%| F|  |TAMS 0x0000000086300000| PB 0x0000000086300000| Untracked |  0
|  24|0x0000000086400000, 0x0000000086400000, 0x0000000086500000|  0%| F|  |TAMS 0x0000000086400000| PB 0x0000000086400000| Untracked |  0
|  25|0x0000000086500000, 0x0000000086500000, 0x0000000086600000|  0%| F|  |TAMS 0x0000000086500000| PB 0x0000000086500000| Untracked |  0
|  26|0x0000000086600000, 0x0000000086600000, 0x0000000086700000|  0%| F|  |TAMS 0x0000000086600000| PB 0x0000000086600000| Untracked |  0
|  27|0x0000000086700000, 0x0000000086700000, 0x0000000086800000|  0%| F|  |TAMS 0x0000000086700000| PB 0x0000000086700000| Untracked |  0
|  28|0x0000000086800000, 0x0000000086800000, 0x0000000086900000|  0%| F|  |TAMS 0x0000000086800000| PB 0x0000000086800000| Untracked |  0
|  29|0x0000000086900000, 0x0000000086900000, 0x0000000086a00000|  0%| F|  |TAMS 0x0000000086900000| PB 0x0000000086900000| Untracked |  0
|  30|0x0000000086a00000, 0x0000000086a00000, 0x0000000086b00000|  0%| F|  |TAMS 0x0000000086a00000| PB 0x0000000086a00000| Untracked |  0
|  31|0x0000000086b00000, 0x0000000086b00000, 0x0000000086c00000|  0%| F|  |TAMS 0x0000000086b00000| PB 0x0000000086b00000| Untracked |  0
|  32|0x0000000086c00000, 0x0000000086c00000, 0x0000000086d00000|  0%| F|  |TAMS 0x0000000086c00000| PB 0x0000000086c00000| Untracked |  0
|  33|0x0000000086d00000, 0x0000000086d00000, 0x0000000086e00000|  0%| F|  |TAMS 0x0000000086d00000| PB 0x0000000086d00000| Untracked |  0
|  34|0x0000000086e00000, 0x0000000086e00000, 0x0000000086f00000|  0%| F|  |TAMS 0x0000000086e00000| PB 0x0000000086e00000| Untracked |  0
|  35|0x0000000086f00000, 0x0000000086f00000, 0x0000000087000000|  0%| F|  |TAMS 0x0000000086f00000| PB 0x0000000086f00000| Untracked |  0
|  36|0x0000000087000000, 0x0000000087000000, 0x0000000087100000|  0%| F|  |TAMS 0x0000000087000000| PB 0x0000000087000000| Untracked |  0
|  37|0x0000000087100000, 0x0000000087100000, 0x0000000087200000|  0%| F|  |TAMS 0x0000000087100000| PB 0x0000000087100000| Untracked |  0
|  38|0x0000000087200000, 0x0000000087200000, 0x0000000087300000|  0%| F|  |TAMS 0x0000000087200000| PB 0x0000000087200000| Untracked |  0
|  39|0x0000000087300000, 0x0000000087300000, 0x0000000087400000|  0%| F|  |TAMS 0x0000000087300000| PB 0x0000000087300000| Untracked |  0
|  40|0x0000000087400000, 0x0000000087400000, 0x0000000087500000|  0%| F|  |TAMS 0x0000000087400000| PB 0x0000000087400000| Untracked |  0
|  41|0x0000000087500000, 0x0000000087500000, 0x0000000087600000|  0%| F|  |TAMS 0x0000000087500000| PB 0x0000000087500000| Untracked |  0
|  42|0x0000000087600000, 0x0000000087600000, 0x0000000087700000|  0%| F|  |TAMS 0x0000000087600000| PB 0x0000000087600000| Untracked |  0
|  43|0x0000000087700000, 0x0000000087700000, 0x0000000087800000|  0%| F|  |TAMS 0x0000000087700000| PB 0x0000000087700000| Untracked |  0
|  44|0x0000000087800000, 0x0000000087800000, 0x0000000087900000|  0%| F|  |TAMS 0x0000000087800000| PB 0x0000000087800000| Untracked |  0
|  45|0x0000000087900000, 0x0000000087900000, 0x0000000087a00000|  0%| F|  |TAMS 0x0000000087900000| PB 0x0000000087900000| Untracked |  0
|  46|0x0000000087a00000, 0x0000000087a00000, 0x0000000087b00000|  0%| F|  |TAMS 0x0000000087a00000| PB 0x0000000087a00000| Untracked |  0
|  47|0x0000000087b00000, 0x0000000087b00000, 0x0000000087c00000|  0%| F|  |TAMS 0x0000000087b00000| PB 0x0000000087b00000| Untracked |  0
|  48|0x0000000087c00000, 0x0000000087c00000, 0x0000000087d00000|  0%| F|  |TAMS 0x0000000087c00000| PB 0x0000000087c00000| Untracked |  0
|  49|0x0000000087d00000, 0x0000000087d00000, 0x0000000087e00000|  0%| F|  |TAMS 0x0000000087d00000| PB 0x0000000087d00000| Untracked |  0
|  50|0x0000000087e00000, 0x0000000087e00000, 0x0000000087f00000|  0%| F|  |TAMS 0x0000000087e00000| PB 0x0000000087e00000| Untracked |  0
|  51|0x0000000087f00000, 0x0000000087f00000, 0x0000000088000000|  0%| F|  |TAMS 0x0000000087f00000| PB 0x0000000087f00000| Untracked |  0
|  52|0x0000000088000000, 0x0000000088000000, 0x0000000088100000|  0%| F|  |TAMS 0x0000000088000000| PB 0x0000000088000000| Untracked |  0
|  53|0x0000000088100000, 0x0000000088100000, 0x0000000088200000|  0%| F|  |TAMS 0x0000000088100000| PB 0x0000000088100000| Untracked |  0
|  54|0x0000000088200000, 0x0000000088200000, 0x0000000088300000|  0%| F|  |TAMS 0x0000000088200000| PB 0x0000000088200000| Untracked |  0
|  55|0x0000000088300000, 0x0000000088300000, 0x0000000088400000|  0%| F|  |TAMS 0x0000000088300000| PB 0x0000000088300000| Untracked |  0
|  56|0x0000000088400000, 0x0000000088400000, 0x0000000088500000|  0%| F|  |TAMS 0x0000000088400000| PB 0x0000000088400000| Untracked |  0
|  57|0x0000000088500000, 0x0000000088500000, 0x0000000088600000|  0%| F|  |TAMS 0x0000000088500000| PB 0x0000000088500000| Untracked |  0
|  58|0x0000000088600000, 0x0000000088600000, 0x0000000088700000|  0%| F|  |TAMS 0x0000000088600000| PB 0x0000000088600000| Untracked |  0
|  59|0x0000000088700000, 0x0000000088700000, 0x0000000088800000|  0%| F|  |TAMS 0x0000000088700000| PB 0x0000000088700000| Untracked |  0
|  60|0x0000000088800000, 0x0000000088800000, 0x0000000088900000|  0%| F|  |TAMS 0x0000000088800000| PB 0x0000000088800000| Untracked |  0
|  61|0x0000000088900000, 0x0000000088900000, 0x0000000088a00000|  0%| F|  |TAMS 0x0000000088900000| PB 0x0000000088900000| Untracked |  0
|  62|0x0000000088a00000, 0x0000000088a00000, 0x0000000088b00000|  0%| F|  |TAMS 0x0000000088a00000| PB 0x0000000088a00000| Untracked |  0
|  63|0x0000000088b00000, 0x0000000088b00000, 0x0000000088c00000|  0%| F|  |TAMS 0x0000000088b00000| PB 0x0000000088b00000| Untracked |  0
|  64|0x0000000088c00000, 0x0000000088c00000, 0x0000000088d00000|  0%| F|  |TAMS 0x0000000088c00000| PB 0x0000000088c00000| Untracked |  0
|  65|0x0000000088d00000, 0x0000000088d00000, 0x0000000088e00000|  0%| F|  |TAMS 0x0000000088d00000| PB 0x0000000088d00000| Untracked |  0
|  66|0x0000000088e00000, 0x0000000088e00000, 0x0000000088f00000|  0%| F|  |TAMS 0x0000000088e00000| PB 0x0000000088e00000| Untracked |  0
|  67|0x0000000088f00000, 0x0000000088f00000, 0x0000000089000000|  0%| F|  |TAMS 0x0000000088f00000| PB 0x0000000088f00000| Untracked |  0
|  68|0x0000000089000000, 0x0000000089000000, 0x0000000089100000|  0%| F|  |TAMS 0x0000000089000000| PB 0x0000000089000000| Untracked |  0
|  69|0x0000000089100000, 0x0000000089100000, 0x0000000089200000|  0%| F|  |TAMS 0x0000000089100000| PB 0x0000000089100000| Untracked |  0
|  70|0x0000000089200000, 0x0000000089200000, 0x0000000089300000|  0%| F|  |TAMS 0x0000000089200000| PB 0x0000000089200000| Untracked |  0
|  71|0x0000000089300000, 0x0000000089300000, 0x0000000089400000|  0%| F|  |TAMS 0x0000000089300000| PB 0x0000000089300000| Untracked |  0
|  72|0x0000000089400000, 0x0000000089400000, 0x0000000089500000|  0%| F|  |TAMS 0x0000000089400000| PB 0x0000000089400000| Untracked |  0
|  73|0x0000000089500000, 0x00000000895fffc0, 0x0000000089600000| 99%| S|CS|TAMS 0x0000000089500000| PB 0x0000000089500000| Complete |  0
|  74|0x0000000089600000, 0x0000000089700000, 0x0000000089700000|100%| S|CS|TAMS 0x0000000089600000| PB 0x0000000089600000| Complete |  0
|  75|0x0000000089700000, 0x0000000089800000, 0x0000000089800000|100%| S|CS|TAMS 0x0000000089700000| PB 0x0000000089700000| Complete |  0
|  76|0x0000000089800000, 0x0000000089900000, 0x0000000089900000|100%| S|CS|TAMS 0x0000000089800000| PB 0x0000000089800000| Complete |  0
|  77|0x0000000089900000, 0x0000000089900000, 0x0000000089a00000|  0%| F|  |TAMS 0x0000000089900000| PB 0x0000000089900000| Untracked |  0
|  78|0x0000000089a00000, 0x0000000089a00000, 0x0000000089b00000|  0%| F|  |TAMS 0x0000000089a00000| PB 0x0000000089a00000| Untracked |  0
|  79|0x0000000089b00000, 0x0000000089b00000, 0x0000000089c00000|  0%| F|  |TAMS 0x0000000089b00000| PB 0x0000000089b00000| Untracked |  0
|  80|0x0000000089c00000, 0x0000000089c00000, 0x0000000089d00000|  0%| F|  |TAMS 0x0000000089c00000| PB 0x0000000089c00000| Untracked |  0
|  81|0x0000000089d00000, 0x0000000089d00000, 0x0000000089e00000|  0%| F|  |TAMS 0x0000000089d00000| PB 0x0000000089d00000| Untracked |  0
|  82|0x0000000089e00000, 0x0000000089e00000, 0x0000000089f00000|  0%| F|  |TAMS 0x0000000089e00000| PB 0x0000000089e00000| Untracked |  0
|  83|0x0000000089f00000, 0x0000000089f00000, 0x000000008a000000|  0%| F|  |TAMS 0x0000000089f00000| PB 0x0000000089f00000| Untracked |  0
|  84|0x000000008a000000, 0x000000008a000000, 0x000000008a100000|  0%| F|  |TAMS 0x000000008a000000| PB 0x000000008a000000| Untracked |  0
|  85|0x000000008a100000, 0x000000008a100000, 0x000000008a200000|  0%| F|  |TAMS 0x000000008a100000| PB 0x000000008a100000| Untracked |  0
|  86|0x000000008a200000, 0x000000008a200000, 0x000000008a300000|  0%| F|  |TAMS 0x000000008a200000| PB 0x000000008a200000| Untracked |  0
|  87|0x000000008a300000, 0x000000008a300000, 0x000000008a400000|  0%| F|  |TAMS 0x000000008a300000| PB 0x000000008a300000| Untracked |  0
|  88|0x000000008a400000, 0x000000008a400000, 0x000000008a500000|  0%| F|  |TAMS 0x000000008a400000| PB 0x000000008a400000| Untracked |  0
|  89|0x000000008a500000, 0x000000008a500000, 0x000000008a600000|  0%| F|  |TAMS 0x000000008a500000| PB 0x000000008a500000| Untracked |  0
|  90|0x000000008a600000, 0x000000008a600000, 0x000000008a700000|  0%| F|  |TAMS 0x000000008a600000| PB 0x000000008a600000| Untracked |  0
|  91|0x000000008a700000, 0x000000008a700000, 0x000000008a800000|  0%| F|  |TAMS 0x000000008a700000| PB 0x000000008a700000| Untracked |  0
|  92|0x000000008a800000, 0x000000008a800000, 0x000000008a900000|  0%| F|  |TAMS 0x000000008a800000| PB 0x000000008a800000| Untracked |  0
|  93|0x000000008a900000, 0x000000008a900000, 0x000000008aa00000|  0%| F|  |TAMS 0x000000008a900000| PB 0x000000008a900000| Untracked |  0
|  94|0x000000008aa00000, 0x000000008aa00000, 0x000000008ab00000|  0%| F|  |TAMS 0x000000008aa00000| PB 0x000000008aa00000| Untracked |  0
|  95|0x000000008ab00000, 0x000000008ab00000, 0x000000008ac00000|  0%| F|  |TAMS 0x000000008ab00000| PB 0x000000008ab00000| Untracked |  0
|  96|0x000000008ac00000, 0x000000008ac00000, 0x000000008ad00000|  0%| F|  |TAMS 0x000000008ac00000| PB 0x000000008ac00000| Untracked |  0
|  97|0x000000008ad00000, 0x000000008ad00000, 0x000000008ae00000|  0%| F|  |TAMS 0x000000008ad00000| PB 0x000000008ad00000| Untracked |  0
|  98|0x000000008ae00000, 0x000000008ae00000, 0x000000008af00000|  0%| F|  |TAMS 0x000000008ae00000| PB 0x000000008ae00000| Untracked |  0
|  99|0x000000008af00000, 0x000000008af00000, 0x000000008b000000|  0%| F|  |TAMS 0x000000008af00000| PB 0x000000008af00000| Untracked |  0
| 100|0x000000008b000000, 0x000000008b000000, 0x000000008b100000|  0%| F|  |TAMS 0x000000008b000000| PB 0x000000008b000000| Untracked |  0
| 101|0x000000008b100000, 0x000000008b100000, 0x000000008b200000|  0%| F|  |TAMS 0x000000008b100000| PB 0x000000008b100000| Untracked |  0
| 102|0x000000008b200000, 0x000000008b200000, 0x000000008b300000|  0%| F|  |TAMS 0x000000008b200000| PB 0x000000008b200000| Untracked |  0
| 103|0x000000008b300000, 0x000000008b300000, 0x000000008b400000|  0%| F|  |TAMS 0x000000008b300000| PB 0x000000008b300000| Untracked |  0
| 104|0x000000008b400000, 0x000000008b400000, 0x000000008b500000|  0%| F|  |TAMS 0x000000008b400000| PB 0x000000008b400000| Untracked |  0
| 105|0x000000008b500000, 0x000000008b500000, 0x000000008b600000|  0%| F|  |TAMS 0x000000008b500000| PB 0x000000008b500000| Untracked |  0
| 106|0x000000008b600000, 0x000000008b600000, 0x000000008b700000|  0%| F|  |TAMS 0x000000008b600000| PB 0x000000008b600000| Untracked |  0
| 107|0x000000008b700000, 0x000000008b700000, 0x000000008b800000|  0%| F|  |TAMS 0x000000008b700000| PB 0x000000008b700000| Untracked |  0
| 108|0x000000008b800000, 0x000000008b800000, 0x000000008b900000|  0%| F|  |TAMS 0x000000008b800000| PB 0x000000008b800000| Untracked |  0
| 109|0x000000008b900000, 0x000000008b900000, 0x000000008ba00000|  0%| F|  |TAMS 0x000000008b900000| PB 0x000000008b900000| Untracked |  0
| 110|0x000000008ba00000, 0x000000008ba00000, 0x000000008bb00000|  0%| F|  |TAMS 0x000000008ba00000| PB 0x000000008ba00000| Untracked |  0
| 111|0x000000008bb00000, 0x000000008bb00000, 0x000000008bc00000|  0%| F|  |TAMS 0x000000008bb00000| PB 0x000000008bb00000| Untracked |  0
| 112|0x000000008bc00000, 0x000000008bc00000, 0x000000008bd00000|  0%| F|  |TAMS 0x000000008bc00000| PB 0x000000008bc00000| Untracked |  0
| 113|0x000000008bd00000, 0x000000008bd00000, 0x000000008be00000|  0%| F|  |TAMS 0x000000008bd00000| PB 0x000000008bd00000| Untracked |  0
| 114|0x000000008be00000, 0x000000008be71de0, 0x000000008bf00000| 44%| E|  |TAMS 0x000000008be00000| PB 0x000000008be00000| Complete |  0
| 115|0x000000008bf00000, 0x000000008c000000, 0x000000008c000000|100%| E|CS|TAMS 0x000000008bf00000| PB 0x000000008bf00000| Complete |  0
| 116|0x000000008c000000, 0x000000008c100000, 0x000000008c100000|100%| E|CS|TAMS 0x000000008c000000| PB 0x000000008c000000| Complete |  0
| 117|0x000000008c100000, 0x000000008c200000, 0x000000008c200000|100%| E|CS|TAMS 0x000000008c100000| PB 0x000000008c100000| Complete |  0
| 118|0x000000008c200000, 0x000000008c300000, 0x000000008c300000|100%| E|CS|TAMS 0x000000008c200000| PB 0x000000008c200000| Complete |  0
| 119|0x000000008c300000, 0x000000008c400000, 0x000000008c400000|100%| E|CS|TAMS 0x000000008c300000| PB 0x000000008c300000| Complete |  0
| 120|0x000000008c400000, 0x000000008c500000, 0x000000008c500000|100%| E|CS|TAMS 0x000000008c400000| PB 0x000000008c400000| Complete |  0
| 121|0x000000008c500000, 0x000000008c600000, 0x000000008c600000|100%| E|CS|TAMS 0x000000008c500000| PB 0x000000008c500000| Complete |  0
| 122|0x000000008c600000, 0x000000008c700000, 0x000000008c700000|100%| E|CS|TAMS 0x000000008c600000| PB 0x000000008c600000| Complete |  0
| 123|0x000000008c700000, 0x000000008c800000, 0x000000008c800000|100%| E|CS|TAMS 0x000000008c700000| PB 0x000000008c700000| Complete |  0
|1970|0x00000000ffe00000, 0x00000000fff00000, 0x00000000fff00000|100%| O|  |TAMS 0x00000000ffe00000| PB 0x00000000ffe00000| Untracked |  0
|1971|0x00000000fff00000, 0x00000000fff1c288, 0x0000000100000000| 10%| O|  |TAMS 0x00000000fff00000| PB 0x00000000fff00000| Untracked |  0

Card table byte_map: [0x0000024872e00000,0x00000248731e0000] _byte_map_base: 0x00000248729da000

Marking Bits: (CMBitMap*) 0x000002485adba740
 Bits: [0x00000248731e0000, 0x00000248750b0000)

Polling page: 0x0000024859b90000

Metaspace:

Usage:
  Non-class:     13.56 MB used.
      Class:      1.50 MB used.
       Both:     15.06 MB used.

Virtual space:
  Non-class space:       64.00 MB reserved,      13.69 MB ( 21%) committed,  1 nodes.
      Class space:        1.00 GB reserved,       1.62 MB ( <1%) committed,  1 nodes.
             Both:        1.06 GB reserved,      15.31 MB (  1%) committed. 

Chunk freelists:
   Non-Class:  2.19 MB
       Class:  14.39 MB
        Both:  16.58 MB

MaxMetaspaceSize: unlimited
CompressedClassSpaceSize: 1.00 GB
Initial GC threshold: 21.00 MB
Current GC threshold: 21.00 MB
CDS: on
 - commit_granule_bytes: 65536.
 - commit_granule_words: 8192.
 - virtual_space_node_default_size: 8388608.
 - enlarge_chunks_in_place: 1.
UseCompressedClassPointers 1, UseCompactObjectHeaders 0
Narrow klass pointer bits 32, Max shift 3
Narrow klass base: 0x0000024800000000, Narrow klass shift: 0
Encoding Range: [0x0000024800000000 - 0x0000024900000000), (4294967296 bytes)
Klass Range:    [0x0000024800000000 - 0x0000024841000000), (1090519040 bytes)
Klass ID Range:  [8 - 1090519033) (1090519025)


Internal statistics:

num_allocs_failed_limit: 0.
num_arena_births: 204.
num_arena_deaths: 0.
num_vsnodes_births: 2.
num_vsnodes_deaths: 0.
num_space_committed: 245.
num_space_uncommitted: 0.
num_chunks_returned_to_freelist: 0.
num_chunks_taken_from_freelist: 464.
num_chunk_merges: 0.
num_chunk_splits: 241.
num_chunks_enlarged: 148.
num_inconsistent_stats: 0.

CodeHeap 'non-profiled nmethods': size=120064Kb used=535Kb max_used=535Kb free=119528Kb
 bounds [0x000002486b090000, 0x000002486b300000, 0x00000248725d0000]
CodeHeap 'profiled nmethods': size=120000Kb used=3322Kb max_used=3322Kb free=116677Kb
 bounds [0x00000248635d0000, 0x0000024863910000, 0x000002486ab00000]
CodeHeap 'non-nmethods': size=5696Kb used=1377Kb max_used=1398Kb free=4318Kb
 bounds [0x000002486ab00000, 0x000002486ad70000, 0x000002486b090000]
CodeCache: size=245760Kb, used=5234Kb, max_used=5255Kb, free=240523Kb
 total_blobs=2582, nmethods=2038, adapters=448, full_count=0
Compilation: enabled, stopped_count=0, restarted_count=0

Compilation events (20 events):
Event: 0.750 Thread 0x0000024877a97640 nmethod 1867 0x00000248638b6288 code [0x00000248638b63a0, 0x00000248638b6570]
Event: 0.750 Thread 0x0000024877a97640 1868       3       java.lang.System$1::defineClass (21 bytes)
Event: 0.750 Thread 0x0000024877a97640 nmethod 1868 0x00000248638b6588 code [0x00000248638b66a0, 0x00000248638b6810]
Event: 0.750 Thread 0x0000024877a97640 1866       3       java.lang.ref.ReferenceQueue::tryDisablePreempt (22 bytes)
Event: 0.750 Thread 0x0000024877a97640 nmethod 1866 0x00000248638b6888 code [0x00000248638b69c0, 0x00000248638b6d90]
Event: 0.750 Thread 0x0000024877a97640 1869       3       jdk.internal.classfile.impl.DirectClassBuilder::buildInterfaceEnties (46 bytes)
Event: 0.750 Thread 0x0000024877a97640 nmethod 1869 0x00000248638b6e08 code [0x00000248638b6fc0, 0x00000248638b7bd0]
Event: 0.751 Thread 0x0000024877a97640 1870       3       java.util.zip.ZipFile::getZipEntry (251 bytes)
Event: 0.752 Thread 0x0000024877a97640 nmethod 1870 0x00000248638b7c08 code [0x00000248638b7ec0, 0x00000248638b91b0]
Event: 0.752 Thread 0x0000024877a97640 1871       3       java.lang.invoke.DirectMethodHandle::make (275 bytes)
Event: 0.753 Thread 0x0000024877a97640 nmethod 1871 0x00000248638b9288 code [0x00000248638b95a0, 0x00000248638bae48]
Event: 0.753 Thread 0x0000024877a97640 1874       3       jdk.internal.util.ReferencedKeyMap::removeStaleReferences (30 bytes)
Event: 0.753 Thread 0x0000024877a97640 nmethod 1874 0x00000248638baf08 code [0x00000248638bb040, 0x00000248638bb388]
Event: 0.753 Thread 0x0000024877a97640 1873       2       java.lang.instrument.ClassFileTransformer::transform (15 bytes)
Event: 0.753 Thread 0x0000024877a97640 nmethod 1873 0x00000248638bb408 code [0x00000248638bb520, 0x00000248638bb658]
Event: 0.753 Thread 0x0000024877a97640 1877       3       java.lang.ref.SoftReference::<init> (13 bytes)
Event: 0.753 Thread 0x0000024877a97640 nmethod 1877 0x00000248638bb708 code [0x00000248638bb840, 0x00000248638bbb58]
Event: 0.753 Thread 0x0000024877a97640 1879       3       java.lang.invoke.VarHandleGuards::guard_LII_V (135 bytes)
Event: 0.755 Thread 0x0000024877a97640 nmethod 1879 0x00000248638bbb88 code [0x00000248638bbf20, 0x00000248638beb38]
Event: 0.755 Thread 0x0000024877a97640 1883       3       java.lang.invoke.InvokerBytecodeGenerator::emitImplicitConversion (166 bytes)

GC Heap History (2 events):
Event: 0.731 GC heap before
{Heap before GC invocations=0 (full 0):
 garbage-first heap   total reserved 2019328K, committed 129024K, used 49264K [0x0000000084c00000, 0x0000000100000000)
  region size 1024K, 47 young (48128K), 0 survivors (0K)
 Metaspace       used 14165K, committed 14464K, reserved 1114112K
  class space    used 1340K, committed 1472K, reserved 1048576K
}
Event: 0.742 GC heap after
{Heap after GC invocations=1 (full 0):
 garbage-first heap   total reserved 2019328K, committed 129024K, used 5232K [0x0000000084c00000, 0x0000000100000000)
  region size 1024K, 4 young (4096K), 4 survivors (4096K)
 Metaspace       used 14165K, committed 14464K, reserved 1114112K
  class space    used 1340K, committed 1472K, reserved 1048576K
}

Dll operation events (12 events):
Event: 0.037 Loaded shared library C:\Users\leonardo.tiago\.jdks\openjdk-24.0.1\bin\java.dll
Event: 0.041 Loaded shared library C:\Users\leonardo.tiago\.jdks\openjdk-24.0.1\bin\zip.dll
Event: 0.084 Loaded shared library C:\Users\leonardo.tiago\.jdks\openjdk-24.0.1\bin\jsvml.dll
Event: 0.125 Loaded shared library C:\Users\leonardo.tiago\.jdks\openjdk-24.0.1\bin\instrument.dll
Event: 0.177 Loaded shared library C:\Users\leonardo.tiago\.jdks\openjdk-24.0.1\bin\net.dll
Event: 0.183 Loaded shared library C:\Users\leonardo.tiago\.jdks\openjdk-24.0.1\bin\nio.dll
Event: 0.194 Loaded shared library C:\Users\leonardo.tiago\.jdks\openjdk-24.0.1\bin\zip.dll
Event: 0.231 Loaded shared library C:\Users\leonardo.tiago\.jdks\openjdk-24.0.1\bin\extnet.dll
Event: 0.238 Loaded shared library C:\Users\leonardo.tiago\.jdks\openjdk-24.0.1\bin\jimage.dll
Event: 0.363 Loaded shared library C:\Users\leonardo.tiago\.jdks\openjdk-24.0.1\bin\management.dll
Event: 0.387 Loaded shared library C:\Users\leonardo.tiago\.jdks\openjdk-24.0.1\bin\management_ext.dll
Event: 0.444 Loaded shared library C:\Users\leonardo.tiago\.jdks\openjdk-24.0.1\bin\verify.dll

Deoptimization events (20 events):
Event: 0.722 Thread 0x0000024846154720 Uncommon trap: trap_request=0xffffffc6 fr.pc=0x000002486b0b654c relative=0x00000000000014ac
Event: 0.722 Thread 0x0000024846154720 Uncommon trap: reason=bimorphic_or_optimized_type_check action=maybe_recompile pc=0x000002486b0b654c method=java.io.DataInputStream.readFully([BII)V @ 30 c2
Event: 0.722 Thread 0x0000024846154720 DEOPT PACKING pc=0x000002486b0b654c sp=0x00000066a76fecf0
Event: 0.722 Thread 0x0000024846154720 DEOPT UNPACKING pc=0x000002486ac18602 sp=0x00000066a76fece8 mode 2
Event: 0.743 Thread 0x0000024846154720 Uncommon trap: trap_request=0xffffff4d fr.pc=0x000002486b1014ac relative=0x00000000000000ac
Event: 0.743 Thread 0x0000024846154720 Uncommon trap: reason=unstable_if action=reinterpret pc=0x000002486b1014ac method=java.lang.ref.SoftReference.get()Ljava/lang/Object; @ 17 c2
Event: 0.743 Thread 0x0000024846154720 DEOPT PACKING pc=0x000002486b1014ac sp=0x00000066a76fe450
Event: 0.743 Thread 0x0000024846154720 DEOPT UNPACKING pc=0x000002486ac18602 sp=0x00000066a76fe3e0 mode 2
Event: 0.746 Thread 0x000002485ad60780 Uncommon trap: trap_request=0xffffff4d fr.pc=0x000002486b0fd258 relative=0x0000000000000058
Event: 0.746 Thread 0x000002485ad60780 Uncommon trap: reason=unstable_if action=reinterpret pc=0x000002486b0fd258 method=java.lang.ref.ReferenceQueue.poll()Ljava/lang/ref/Reference; @ 4 c2
Event: 0.746 Thread 0x000002485ad60780 DEOPT PACKING pc=0x000002486b0fd258 sp=0x00000066a61fda40
Event: 0.746 Thread 0x000002485ad60780 DEOPT UNPACKING pc=0x000002486ac18602 sp=0x00000066a61fd9b8 mode 2
Event: 0.747 Thread 0x000002485ad60780 Uncommon trap: trap_request=0xffffff4d fr.pc=0x000002486b109d60 relative=0x0000000000000060
Event: 0.747 Thread 0x000002485ad60780 Uncommon trap: reason=unstable_if action=reinterpret pc=0x000002486b109d60 method=java.lang.ref.ReferenceQueue.poll()Ljava/lang/ref/Reference; @ 4 c2
Event: 0.747 Thread 0x000002485ad60780 DEOPT PACKING pc=0x000002486b109d60 sp=0x00000066a61fd810
Event: 0.747 Thread 0x000002485ad60780 DEOPT UNPACKING pc=0x000002486ac18602 sp=0x00000066a61fd718 mode 2
Event: 0.748 Thread 0x0000024846154720 Uncommon trap: trap_request=0xffffffc6 fr.pc=0x000002486b0b654c relative=0x00000000000014ac
Event: 0.748 Thread 0x0000024846154720 Uncommon trap: reason=bimorphic_or_optimized_type_check action=maybe_recompile pc=0x000002486b0b654c method=java.io.DataInputStream.readFully([BII)V @ 30 c2
Event: 0.748 Thread 0x0000024846154720 DEOPT PACKING pc=0x000002486b0b654c sp=0x00000066a76feeb0
Event: 0.748 Thread 0x0000024846154720 DEOPT UNPACKING pc=0x000002486ac18602 sp=0x00000066a76feea8 mode 2

Classes loaded (20 events):
Event: 0.754 Loading class org/junit/platform/engine/support/hierarchical/NodeTestTask
Event: 0.754 Loading class org/junit/platform/engine/support/hierarchical/NodeTestTask done
Event: 0.754 Loading class javax/management/remote/rmi/RMIConnectionImpl_Stub done
Event: 0.754 Loading class org/junit/platform/engine/support/hierarchical/NodeTestTask
Event: 0.754 Loading class org/junit/platform/engine/support/hierarchical/NodeTestTask done
Event: 0.754 Loading class java/rmi/MarshalledObject
Event: 0.754 Loading class org/junit/platform/engine/support/hierarchical/HierarchicalTestExecutorService$TestTask
Event: 0.754 Loading class org/junit/platform/engine/support/hierarchical/HierarchicalTestExecutorService$TestTask done
Event: 0.754 Loading class java/rmi/MarshalledObject done
Event: 0.754 Loading class javax/security/auth/Subject
Event: 0.755 Loading class org/junit/jupiter/engine/descriptor/ExtensionUtils
Event: 0.755 Loading class org/junit/jupiter/engine/descriptor/ExtensionUtils done
Event: 0.755 Loading class javax/security/auth/Subject done
Event: 0.755 Loading class javax/management/InstanceNotFoundException
Event: 0.755 Loading class javax/management/InstanceNotFoundException done
Event: 0.755 Loading class javax/management/MBeanException
Event: 0.755 Loading class javax/management/MBeanException done
Event: 0.755 Loading class javax/management/ReflectionException
Event: 0.755 Loading class javax/management/ReflectionException done
Event: 0.755 Loading class javax/management/AttributeList

Classes unloaded (0 events):
No events

Classes redefined (1 events):
Event: 0.152 Thread 0x0000024877a71790 redefined class name=java.lang.Throwable, count=1

Internal exceptions (20 events):
Event: 0.587 Thread 0x000002485ad60780 Exception <a 'java/lang/NoSuchMethodError'{0x000000008a43fcb0}: 'java.lang.Object java.lang.invoke.DirectMethodHandle$Holder.invokeSpecialIFC(java.lang.Object, java.lang.Object, java.lang.Object, java.lang.Object)'> (0x000000008a43fcb0) 
thrown [s\open\src\hotspot\share\interpreter\linkResolver.cpp, line 805]
Event: 0.590 Thread 0x000002485ad60780 Exception <a 'java/lang/NoSuchMethodError'{0x000000008a46df70}: 'java.lang.Object java.lang.invoke.DirectMethodHandle$Holder.invokeInterface(java.lang.Object, java.lang.Object, java.lang.Object)'> (0x000000008a46df70) 
thrown [s\open\src\hotspot\share\interpreter\linkResolver.cpp, line 805]
Event: 0.601 Thread 0x0000024877a863b0 Exception <a 'java/lang/NoSuchMethodError'{0x000000008a575128}: 'java.lang.Object java.lang.invoke.DirectMethodHandle$Holder.invokeStaticInit(java.lang.Object, int, int, int, int)'> (0x000000008a575128) 
thrown [s\open\src\hotspot\share\interpreter\linkResolver.cpp, line 805]
Event: 0.613 Thread 0x000002485ad60780 Exception <a 'java/lang/NoSuchMethodError'{0x000000008a24c808}: 'void java.lang.invoke.DirectMethodHandle$Holder.invokeInterface(java.lang.Object, java.lang.Object, java.lang.Object, java.lang.Object, java.lang.Object)'> (0x000000008a24c808) 
thrown [s\open\src\hotspot\share\interpreter\linkResolver.cpp, line 805]
Event: 0.614 Thread 0x000002485ad60780 Exception <a 'java/lang/IncompatibleClassChangeError'{0x000000008a254bd8}: Found class java.lang.Object, but interface was expected> (0x000000008a254bd8) 
thrown [s\open\src\hotspot\share\interpreter\linkResolver.cpp, line 872]
Event: 0.635 Thread 0x0000024877a863b0 Exception <a 'java/lang/NoSuchMethodError'{0x000000008a06db70}: 'java.lang.Object java.lang.invoke.DirectMethodHandle$Holder.invokeStaticInit(java.lang.Object, java.lang.Object, int, int, int, int)'> (0x000000008a06db70) 
thrown [s\open\src\hotspot\share\interpreter\linkResolver.cpp, line 805]
Event: 0.641 Thread 0x000002485ad60780 Exception <a 'java/lang/IncompatibleClassChangeError'{0x000000008a0ae498}: Found class java.lang.Object, but interface was expected> (0x000000008a0ae498) 
thrown [s\open\src\hotspot\share\interpreter\linkResolver.cpp, line 872]
Event: 0.642 Thread 0x000002485ad60780 Exception <a 'java/lang/NoSuchMethodError'{0x000000008a0cc5a8}: 'void java.lang.invoke.DirectMethodHandle$Holder.invokeSpecial(java.lang.Object, java.lang.Object, java.lang.Object, java.lang.Object, java.lang.Object)'> (0x000000008a0cc5a8) 
thrown [s\open\src\hotspot\share\interpreter\linkResolver.cpp, line 805]
Event: 0.644 Thread 0x000002485ad60780 Exception <a 'java/lang/NoSuchMethodError'{0x000000008a0ec8c0}: 'void java.lang.invoke.DirectMethodHandle$Holder.invokeInterface(java.lang.Object, java.lang.Object)'> (0x000000008a0ec8c0) 
thrown [s\open\src\hotspot\share\interpreter\linkResolver.cpp, line 805]
Event: 0.645 Thread 0x000002485ad60780 Exception <a 'java/lang/IncompatibleClassChangeError'{0x000000008a0f4810}: Found class java.lang.Object, but interface was expected> (0x000000008a0f4810) 
thrown [s\open\src\hotspot\share\interpreter\linkResolver.cpp, line 872]
Event: 0.653 Thread 0x000002485ad60780 Exception <a 'java/lang/NoSuchMethodError'{0x0000000089ff6b28}: 'void java.lang.invoke.DirectMethodHandle$Holder.invokeInterface(java.lang.Object, java.lang.Object, java.lang.Object, java.lang.Object)'> (0x0000000089ff6b28) 
thrown [s\open\src\hotspot\share\interpreter\linkResolver.cpp, line 805]
Event: 0.653 Thread 0x000002485ad60780 Exception <a 'java/lang/IncompatibleClassChangeError'{0x0000000089ffe900}: Found class java.lang.Object, but interface was expected> (0x0000000089ffe900) 
thrown [s\open\src\hotspot\share\interpreter\linkResolver.cpp, line 872]
Event: 0.660 Thread 0x000002485ad60780 Exception <a 'java/lang/NoSuchMethodError'{0x0000000089e693a0}: 'java.lang.Object java.lang.invoke.DirectMethodHandle$Holder.invokeStatic(java.lang.Object, java.lang.Object, int)'> (0x0000000089e693a0) 
thrown [s\open\src\hotspot\share\interpreter\linkResolver.cpp, line 805]
Event: 0.661 Thread 0x000002485ad60780 Exception <a 'java/lang/NoSuchMethodError'{0x0000000089e78b78}: 'java.lang.Object java.lang.invoke.DirectMethodHandle$Holder.newInvokeSpecial(java.lang.Object, java.lang.Object, int)'> (0x0000000089e78b78) 
thrown [s\open\src\hotspot\share\interpreter\linkResolver.cpp, line 805]
Event: 0.673 Thread 0x0000024877a863b0 Exception <a 'java/lang/ClassNotFoundException'{0x0000000089f23140}: javax/management/remote/rmi/RMIServerImpl_Skel> (0x0000000089f23140) 
thrown [s\open\src\hotspot\share\classfile\systemDictionary.cpp, line 327]
Event: 0.691 Thread 0x000002485ad60780 Exception <a 'java/lang/NoSuchMethodError'{0x0000000089ca2268}: 'int java.lang.invoke.DirectMethodHandle$Holder.invokeStatic(java.lang.Object, java.lang.Object, java.lang.Object, java.lang.Object, java.lang.Object)'> (0x0000000089ca2268) 
thrown [s\open\src\hotspot\share\interpreter\linkResolver.cpp, line 805]
Event: 0.703 Thread 0x000002485ad60780 Exception <a 'java/lang/NoSuchMethodError'{0x0000000089bad028}: 'void java.lang.invoke.DirectMethodHandle$Holder.invokeStaticInit(java.lang.Object)'> (0x0000000089bad028) 
thrown [s\open\src\hotspot\share\interpreter\linkResolver.cpp, line 805]
Event: 0.743 Thread 0x0000024846154720 Exception <a 'java/lang/NoSuchMethodError'{0x000000008c780db0}: static [B.<clinit>()V> (0x000000008c780db0) 
thrown [s\open\src\hotspot\share\prims\jni.cpp, line 1108]
Event: 0.754 Thread 0x0000024846156460 Exception <a 'java/lang/NoSuchMethodError'{0x000000008c689ee8}: 'java.lang.Object java.lang.invoke.DirectMethodHandle$Holder.invokeSpecial(java.lang.Object, java.lang.Object, java.lang.Object, java.lang.Object, long)'> (0x000000008c689ee8) 
thrown [s\open\src\hotspot\share\interpreter\linkResolver.cpp, line 805]
Event: 0.755 Thread 0x0000024846156460 Exception <a 'java/lang/NoSuchMethodError'{0x000000008c699f98}: 'java.lang.Object java.lang.invoke.Invokers$Holder.linkToTargetMethod(java.lang.Object, long, java.lang.Object)'> (0x000000008c699f98) 
thrown [s\open\src\hotspot\share\interpreter\linkResolver.cpp, line 805]

VM Operations (20 events):
Event: 0.335 Executing VM operation: HandshakeAllThreads (Deoptimize)
Event: 0.335 Executing VM operation: HandshakeAllThreads (Deoptimize) done
Event: 0.335 Executing VM operation: HandshakeAllThreads (Deoptimize)
Event: 0.335 Executing VM operation: HandshakeAllThreads (Deoptimize) done
Event: 0.349 Executing VM operation: HandshakeAllThreads (Deoptimize)
Event: 0.349 Executing VM operation: HandshakeAllThreads (Deoptimize) done
Event: 0.373 Executing VM operation: HandshakeAllThreads (Deoptimize)
Event: 0.374 Executing VM operation: HandshakeAllThreads (Deoptimize) done
Event: 0.502 Executing VM operation: HandshakeAllThreads (Deoptimize)
Event: 0.502 Executing VM operation: HandshakeAllThreads (Deoptimize) done
Event: 0.505 Executing VM operation: HandshakeAllThreads (Deoptimize)
Event: 0.505 Executing VM operation: HandshakeAllThreads (Deoptimize) done
Event: 0.566 Executing VM operation: HandshakeAllThreads (Deoptimize)
Event: 0.566 Executing VM operation: HandshakeAllThreads (Deoptimize) done
Event: 0.573 Executing VM operation: HandshakeAllThreads (Deoptimize)
Event: 0.573 Executing VM operation: HandshakeAllThreads (Deoptimize) done
Event: 0.730 Executing VM operation: G1CollectForAllocation (G1 Evacuation Pause)
Event: 0.742 Executing VM operation: G1CollectForAllocation (G1 Evacuation Pause) done
Event: 0.751 Executing VM operation: HandshakeAllThreads (Deoptimize)
Event: 0.751 Executing VM operation: HandshakeAllThreads (Deoptimize) done

Memory protections (0 events):
No events

Nmethod flushes (0 events):
No events

Events (17 events):
Event: 0.056 Thread 0x000002485ad60780 Thread added: 0x000002485ad60780
Event: 0.075 Thread 0x000002485ad60780 Thread added: 0x0000024877a7e9e0
Event: 0.078 Thread 0x000002485ad60780 Thread added: 0x0000024877a7f1c0
Event: 0.078 Thread 0x000002485ad60780 Thread added: 0x0000024877a85530
Event: 0.078 Thread 0x000002485ad60780 Thread added: 0x0000024877a863b0
Event: 0.078 Thread 0x000002485ad60780 Thread added: 0x0000024877a86ee0
Event: 0.078 Thread 0x000002485ad60780 Thread added: 0x0000024877a88020
Event: 0.078 Thread 0x000002485ad60780 Thread added: 0x0000024877a96eb0
Event: 0.078 Thread 0x000002485ad60780 Thread added: 0x0000024877a97640
Event: 0.134 Thread 0x000002485ad60780 Thread added: 0x0000024845232660
Event: 0.153 Thread 0x000002485ad60780 Thread added: 0x000002484530e120
Event: 0.204 Thread 0x000002485ad60780 Thread added: 0x000002484552e770
Event: 0.204 Thread 0x000002485ad60780 Thread added: 0x000002484552b9e0
Event: 0.681 Thread 0x0000024877a863b0 Thread added: 0x0000024846154e70
Event: 0.703 Thread 0x0000024846154e70 Thread added: 0x0000024846154720
Event: 0.730 Thread 0x0000024846154720 Thread added: 0x00000248461555c0
Event: 0.753 Thread 0x0000024846154720 Thread added: 0x0000024846156460


Dynamic libraries:
0x00007ff7c82b0000 - 0x00007ff7c82be000 	C:\Users\leonardo.tiago\.jdks\openjdk-24.0.1\bin\java.exe
0x00007ff876870000 - 0x00007ff876a68000 	C:\Windows\SYSTEM32\ntdll.dll
0x00007ff874aa0000 - 0x00007ff874b62000 	C:\Windows\System32\KERNEL32.DLL
0x00007ff8742f0000 - 0x00007ff8745e6000 	C:\Windows\System32\KERNELBASE.dll
0x00007ff8741f0000 - 0x00007ff8742f0000 	C:\Windows\System32\ucrtbase.dll
0x00007ff86f330000 - 0x00007ff86f34b000 	C:\Users\leonardo.tiago\.jdks\openjdk-24.0.1\bin\VCRUNTIME140.dll
0x00007ff86c520000 - 0x00007ff86c536000 	C:\Users\leonardo.tiago\.jdks\openjdk-24.0.1\bin\jli.dll
0x00007ff875f50000 - 0x00007ff8760ed000 	C:\Windows\System32\USER32.dll
0x00007ff874120000 - 0x00007ff874142000 	C:\Windows\System32\win32u.dll
0x00007ff874a10000 - 0x00007ff874a3b000 	C:\Windows\System32\GDI32.dll
0x00007ff8745f0000 - 0x00007ff87470a000 	C:\Windows\System32\gdi32full.dll
0x00007ff874150000 - 0x00007ff8741ed000 	C:\Windows\System32\msvcp_win.dll
0x00007ff85f800000 - 0x00007ff85fa9a000 	C:\Windows\WinSxS\amd64_microsoft.windows.common-controls_6595b64144ccf1df_6.0.19041.5794_none_60bcd33171f2783c\COMCTL32.dll
0x00007ff8748a0000 - 0x00007ff87493e000 	C:\Windows\System32\msvcrt.dll
0x00007ff875700000 - 0x00007ff87572f000 	C:\Windows\System32\IMM32.DLL
0x00007fffff940000 - 0x00007fffffa9a000 	C:\Windows\system32\tmumh\20019\AddOn\8.55.0.1333\TmUmEvt64.dll
0x00007ff8750a0000 - 0x00007ff8750a8000 	C:\Windows\System32\PSAPI.DLL
0x00007ff8751b0000 - 0x00007ff87525f000 	C:\Windows\System32\ADVAPI32.dll
0x00007ff8761a0000 - 0x00007ff87623f000 	C:\Windows\System32\sechost.dll
0x00007ff876240000 - 0x00007ff876363000 	C:\Windows\System32\RPCRT4.dll
0x00007ff8747f0000 - 0x00007ff874817000 	C:\Windows\System32\bcrypt.dll
0x0000000073920000 - 0x0000000073a45000 	C:\Windows\system32\tmumh\20019\TmMon\2.9.0.1217\tmmon64.dll
0x00007ff86f440000 - 0x00007ff86f44c000 	C:\Users\leonardo.tiago\.jdks\openjdk-24.0.1\bin\vcruntime140_1.dll
0x00007ff83e600000 - 0x00007ff83e68e000 	C:\Users\leonardo.tiago\.jdks\openjdk-24.0.1\bin\msvcp140.dll
0x00007fffc5a00000 - 0x00007fffc67a2000 	C:\Users\leonardo.tiago\.jdks\openjdk-24.0.1\bin\server\jvm.dll
0x00007ff8750b0000 - 0x00007ff87511b000 	C:\Windows\System32\WS2_32.dll
0x00007ff8734a0000 - 0x00007ff8734eb000 	C:\Windows\SYSTEM32\POWRPROF.dll
0x00007ff869ba0000 - 0x00007ff869bc7000 	C:\Windows\SYSTEM32\WINMM.dll
0x00007ff860050000 - 0x00007ff86005a000 	C:\Windows\SYSTEM32\VERSION.dll
0x00007ff873310000 - 0x00007ff873322000 	C:\Windows\SYSTEM32\UMPDC.dll
0x00007ff872650000 - 0x00007ff872662000 	C:\Windows\SYSTEM32\kernel.appcore.dll
0x00007ff86f3a0000 - 0x00007ff86f3aa000 	C:\Users\leonardo.tiago\.jdks\openjdk-24.0.1\bin\jimage.dll
0x00007ff871950000 - 0x00007ff871b34000 	C:\Windows\SYSTEM32\DBGHELP.DLL
0x00007ff85f7a0000 - 0x00007ff85f7d4000 	C:\Windows\SYSTEM32\dbgcore.DLL
0x00007ff874760000 - 0x00007ff8747e2000 	C:\Windows\System32\bcryptPrimitives.dll
0x00007ff869c90000 - 0x00007ff869c9f000 	C:\Users\leonardo.tiago\.jdks\openjdk-24.0.1\bin\instrument.dll
0x00007ff86a9c0000 - 0x00007ff86a9de000 	C:\Users\leonardo.tiago\.jdks\openjdk-24.0.1\bin\java.dll
0x00007ff875260000 - 0x00007ff87538b000 	C:\Windows\System32\ole32.dll
0x00007ff8753a0000 - 0x00007ff8756f3000 	C:\Windows\System32\combase.dll
0x00007ff875730000 - 0x00007ff875e9e000 	C:\Windows\System32\SHELL32.dll
0x00007ff869ca0000 - 0x00007ff869cb7000 	C:\Users\leonardo.tiago\.jdks\openjdk-24.0.1\bin\zip.dll
0x00007ff871db0000 - 0x00007ff872553000 	C:\Windows\SYSTEM32\windows.storage.dll
0x00007ff873940000 - 0x00007ff87396b000 	C:\Windows\SYSTEM32\Wldp.dll
0x00007ff874940000 - 0x00007ff874a0d000 	C:\Windows\System32\OLEAUT32.dll
0x00007ff875ea0000 - 0x00007ff875f4d000 	C:\Windows\System32\SHCORE.dll
0x00007ff874b70000 - 0x00007ff874bc5000 	C:\Windows\System32\shlwapi.dll
0x00007ff873e40000 - 0x00007ff873e65000 	C:\Windows\SYSTEM32\profapi.dll
0x00007ff835aa0000 - 0x00007ff835b77000 	C:\Users\leonardo.tiago\.jdks\openjdk-24.0.1\bin\jsvml.dll
0x00007ff86f320000 - 0x00007ff86f330000 	C:\Users\leonardo.tiago\.jdks\openjdk-24.0.1\bin\net.dll
0x00007ff8736a0000 - 0x00007ff87370c000 	C:\Windows\system32\mswsock.dll
0x00007ff86a350000 - 0x00007ff86a366000 	C:\Users\leonardo.tiago\.jdks\openjdk-24.0.1\bin\nio.dll
0x00007ff869c80000 - 0x00007ff869c89000 	C:\Users\leonardo.tiago\.jdks\openjdk-24.0.1\bin\extnet.dll
0x00007ff873370000 - 0x00007ff87343a000 	C:\Windows\SYSTEM32\DNSAPI.dll
0x00007ff873330000 - 0x00007ff87336b000 	C:\Windows\SYSTEM32\IPHLPAPI.DLL
0x00007ff875390000 - 0x00007ff875398000 	C:\Windows\System32\NSI.dll
0x00007ff86ce00000 - 0x00007ff86ce0a000 	C:\Windows\System32\rasadhlp.dll
0x00007ff870300000 - 0x00007ff870380000 	C:\Windows\System32\fwpuclnt.dll
0x00007ff85ce60000 - 0x00007ff85ce6a000 	C:\Users\leonardo.tiago\.jdks\openjdk-24.0.1\bin\management.dll
0x00007ff85cd10000 - 0x00007ff85cd1b000 	C:\Users\leonardo.tiago\.jdks\openjdk-24.0.1\bin\management_ext.dll
0x00007ff85ca00000 - 0x00007ff85ca10000 	C:\Users\leonardo.tiago\.jdks\openjdk-24.0.1\bin\verify.dll
0x00007ff8738a0000 - 0x00007ff8738b8000 	C:\Windows\SYSTEM32\CRYPTSP.dll
0x00007ff872f50000 - 0x00007ff872f88000 	C:\Windows\system32\rsaenh.dll
0x00007ff873e00000 - 0x00007ff873e2e000 	C:\Windows\SYSTEM32\USERENV.dll
0x00007ff873890000 - 0x00007ff87389c000 	C:\Windows\SYSTEM32\CRYPTBASE.dll
0x00007ff842530000 - 0x00007ff842547000 	C:\Windows\system32\napinsp.dll
0x00007ff8422d0000 - 0x00007ff8422eb000 	C:\Windows\system32\pnrpnsp.dll
0x00007ff870380000 - 0x00007ff870395000 	C:\Windows\system32\wshbth.dll
0x00007ff86f9f0000 - 0x00007ff86fa0d000 	C:\Windows\system32\NLAapi.dll
0x00007ff8422b0000 - 0x00007ff8422c2000 	C:\Windows\System32\winrnr.dll
0x00007ff85a720000 - 0x00007ff85a771000 	C:\Windows\SYSTEM32\pdh.dll

JVMTI agents:
C:\Users\leonardo.tiago\AppData\Local\JetBrains\IntelliJIdea2025.1\captureAgent\debugger-agent.jar path:C:\Users\leonardo.tiago\.jdks\openjdk-24.0.1\bin\instrument.dll, loaded, initialized, instrumentlib options:file:///C:/Users/LEONAR~1.TIA/AppData/Local/Temp/capture10791210842916259091.props
C:\Users\leonardo.tiago\AppData\Local\Programs\IntelliJ IDEA Ultimate\lib\idea_rt.jar path:C:\Users\leonardo.tiago\.jdks\openjdk-24.0.1\bin\instrument.dll, loaded, initialized, instrumentlib options:54260

dbghelp: loaded successfully - version: 4.0.5 - missing functions: none
symbol engine: initialized successfully - sym options: 0x614 - pdb path: .;C:\Users\leonardo.tiago\.jdks\openjdk-24.0.1\bin;C:\Windows\SYSTEM32;C:\Windows\WinSxS\amd64_microsoft.windows.common-controls_6595b64144ccf1df_6.0.19041.5794_none_60bcd33171f2783c;C:\Windows\system32\tmumh\20019\AddOn\8.55.0.1333;C:\Windows\system32\tmumh\20019\TmMon\2.9.0.1217;C:\Users\leonardo.tiago\.jdks\openjdk-24.0.1\bin\server

VM Arguments:
jvm_args: -javaagent:C:\Users\leonardo.tiago\AppData\Local\JetBrains\IntelliJIdea2025.1\captureAgent\debugger-agent.jar=file:///C:/Users/LEONAR~1.TIA/AppData/Local/Temp/capture10791210842916259091.props -ea -Didea.test.cyclic.buffer.size=1048576 -javaagent:C:\Users\leonardo.tiago\AppData\Local\Programs\IntelliJ IDEA Ultimate\lib\idea_rt.jar=54260 -Dkotlinx.coroutines.debug.enable.creation.stack.trace=false -Ddebugger.agent.enable.coroutines=true -Dkotlinx.coroutines.debug.enable.flows.stack.trace=true -Dkotlinx.coroutines.debug.enable.mutable.state.flows.stack.trace=true -Dfile.encoding=UTF-8 -Dsun.stdout.encoding=UTF-8 -Dsun.stderr.encoding=UTF-8 
java_command: com.intellij.rt.junit.JUnitStarter -ideVersion5 -junit5 org.query.QueryJoinsTest,testDeleteUpdate_WithInvalidId
java_class_path (initial): C:\Users\leonardo.tiago\.m2\repository\org\junit\platform\junit-platform-launcher\1.13.0-RC1\junit-platform-launcher-1.13.0-RC1.jar;C:\Users\leonardo.tiago\.m2\repository\org\junit\vintage\junit-vintage-engine\5.13.0-RC1\junit-vintage-engine-5.13.0-RC1.jar;C:\Users\leonardo.tiago\AppData\Local\Programs\IntelliJ IDEA Ultimate\lib\idea_rt.jar;C:\Users\leonardo.tiago\AppData\Local\Programs\IntelliJ IDEA Ultimate\plugins\junit\lib\junit5-rt.jar;C:\Users\leonardo.tiago\AppData\Local\Programs\IntelliJ IDEA Ultimate\plugins\junit\lib\junit-rt.jar;C:\Users\leonardo.tiago\OneDrive - Arcom SA\PROGRAMS\arcom-monday-java\arom-monday-java\monday\target\test-classes;C:\Users\leonardo.tiago\OneDrive - Arcom SA\PROGRAMS\arcom-monday-java\arom-monday-java\monday\target\classes;C:\Users\leonardo.tiago\.m2\repository\org\json\json\20240303\json-20240303.jar;C:\Users\leonardo.tiago\.m2\repository\com\google\code\gson\gson\2.13.1\gson-2.13.1.jar;C:\Users\leonardo.tiago\.m2\repository\com\google\errorprone\error_prone_annotations\2.38.0\error_prone_annotations-2.38.0.jar;C:\Users\leonardo.tiago\.m2\repository\junit\junit\4.13.1\junit-4.13.1.jar;C:\Users\leonardo.tiago\.m2\repository\org\hamcrest\hamcrest-core\1.3\hamcrest-core-1.3.jar;C:\Users\leonardo.tiago\.m2\repository\org\junit\jupiter\junit-jupiter\5.13.0-RC1\junit-jupiter-5.13.0-RC1.jar;C:\Users\leonardo.tiago\.m2\repository\org\junit\jupiter\junit-jupiter-api\5.13.0-RC1\junit-jupiter-api-5.13.0-RC1.jar;C:\Users\leonardo.tiago\.m2\repository\org\opentest4j\opentest4j\1.3.0\opentest4j-1.3.0.jar;C:\Users\leonardo.tiago\.m2\repository\org\junit\platform\junit-platform-commons\1.13.0-RC1\junit-platform-commons-1.13.0-RC1.jar;C:\Users\leonardo.tiago\.m2\repository\org\apiguardian\apiguardian-api\1.1.2\apiguardian-api-1.1.2.jar;C:\Users\leonardo.tiago\.m2\repository\org\junit\jupiter\junit-jupiter-params\5.13.0-RC1\junit-jupiter-params-5.13.0-RC1.jar;C:\Users\leonardo.tiago\.m2\repository\org\junit\jupiter\junit-jupiter-engine\5.13.0-RC1\junit-jupiter-engine-5.13.0-RC1.jar;C:\Users\leonardo.tiago\.m2\repository\org\junit\platform\junit-platform-engine\1.13.0-RC1\junit-platform-engine-1.13.0-RC1.jar
Launcher Type: SUN_STANDARD

[Global flags]
     intx CICompilerCount                          = 4                                         {product} {ergonomic}
     uint ConcGCThreads                            = 2                                         {product} {ergonomic}
     uint G1ConcRefinementThreads                  = 8                                         {product} {ergonomic}
   size_t G1HeapRegionSize                         = 1048576                                   {product} {ergonomic}
   size_t InitialHeapSize                          = 130023424                                 {product} {ergonomic}
   size_t MarkStackSize                            = 4194304                                   {product} {ergonomic}
   size_t MarkStackSizeMax                         = 536870912                                 {product} {ergonomic}
   size_t MaxHeapSize                              = 2067791872                                {product} {ergonomic}
   size_t MaxNewSize                               = 1240465408                                {product} {ergonomic}
   size_t MinHeapDeltaBytes                        = 1048576                                   {product} {ergonomic}
   size_t MinHeapSize                              = 8388608                                   {product} {ergonomic}
    uintx NonNMethodCodeHeapSize                   = 5832704                                {pd product} {ergonomic}
    uintx NonProfiledCodeHeapSize                  = 122945536                              {pd product} {ergonomic}
    uintx ProfiledCodeHeapSize                     = 122880000                              {pd product} {ergonomic}
    uintx ReservedCodeCacheSize                    = 251658240                              {pd product} {ergonomic}
     bool SegmentedCodeCache                       = true                                      {product} {ergonomic}
   size_t SoftMaxHeapSize                          = 2067791872                             {manageable} {ergonomic}
     bool UseCompressedOops                        = true                           {product lp64_product} {ergonomic}
     bool UseG1GC                                  = true                                      {product} {ergonomic}
     bool UseLargePagesIndividualAllocation        = false                                  {pd product} {ergonomic}

Logging:
Log output configuration:
 #0: stdout all=warning uptime,level,tags foldmultilines=false
 #1: stderr all=off uptime,level,tags foldmultilines=false

Environment Variables:
PATH=C:\sybase\DataAccess\ADONET\dll;C:\sybase\Shared\Sybase Central 4.3;C:\sybase\OCS-12_5\lib3p;C:\sybase\OCS-12_5\dll;C:\sybase\OCS-12_5\bin;C:\Windows\system32;C:\Windows;C:\Windows\System32\Wbem;C:\Windows\System32\WindowsPowerShell\v1.0\;C:\Windows\System32\OpenSSH\;C:\Users\suporte\AppData\Local\Microsoft\WindowsApps;C:\Users\leonardo.tiago\scoop\shims;C:\Users\leonardo.tiago\AppData\Local\Microsoft\WindowsApps;C:\Users\leonardo.tiago\AppData\Local\Programs\Microsoft VS Code\bin;C:\Users\leonardo.tiago\Node;C:\Users\leonardo.tiago\AppData\Local\Programs\cursor\resources\app\bin;C:\Users\leonardo.tiago\.rustup;C:\Users\leonardo.tiago\.cargo\bin;C:\Users\leonardo.tiago\AppData\Local\Programs\Git\cmd;C:\Users\leonardo.tiago\.sqlite;C:\Users\leonardo.tiago\AppData\Local\GitHubDesktop\bin;C:\Users\leonardo.tiago\.chocoportable\bin;C:\Users\leonardo.tiago\AppData\Local\JetBrains\Toolbox\scripts;
USERNAME=leonardo.tiago
OS=Windows_NT
PROCESSOR_IDENTIFIER=Intel64 Family 6 Model 151 Stepping 5, GenuineIntel
TMP=C:\Users\LEONAR~1.TIA\AppData\Local\Temp
TEMP=C:\Users\LEONAR~1.TIA\AppData\Local\Temp




Periodic native trim disabled

---------------  S Y S T E M  ---------------

OS:
 Windows 10 , 64 bit Build 19041 (10.0.19041.5794)
OS uptime: 17 days 7:31 hours

CPU: total 8 (initial active 8) (4 cores per cpu, 2 threads per core) family 6 model 151 stepping 5 microcode 0x37, cx8, cmov, fxsr, ht, mmx, 3dnowpref, sse, sse2, sse3, ssse3, sse4.1, sse4.2, popcnt, lzcnt, tsc, tscinvbit, avx, avx2, aes, erms, clmul, bmi1, bmi2, adx, sha, fma, vzeroupper, clflush, clflushopt, clwb, serialize, rdtscp, rdpid, fsrm, gfni, f16c, pku, cet_ibt, cet_ss
Processor Information for the first 8 processors :
  Max Mhz: 2200, Current Mhz: 2200, Mhz Limit: 2200

Memory: 4k page, system-wide physical 7880M (398M free)
TotalPageFile size 32456M (AvailPageFile size 85M)
current process WorkingSet (physical memory assigned to process): 137M, peak: 137M
current process commit charge ("private bytes"): 252M, peak: 258M

vm_info: OpenJDK 64-Bit Server VM (24.0.1+9-30) for windows-amd64 JRE (24.0.1+9-30), built on 2025-03-05T07:23:45Z with MS VC++ 17.6 (VS2022)

END.
